{"C:\\Users\\coral\\workspace\\AdvancedWebTopics\\rest_api_2nd_Assignment\\src\\server.ts": {"path":"C:\\Users\\coral\\workspace\\AdvancedWebTopics\\rest_api_2nd_Assignment\\src\\server.ts","statementMap":{"0":{"start":{"line":1,"column":0},"end":{"line":1,"column":41}},"1":{"start":{"line":2,"column":12},"end":{"line":2,"column":21}},"2":{"start":{"line":3,"column":0},"end":{"line":3,"column":28}},"3":{"start":{"line":4,"column":0},"end":{"line":4,"column":16}},"4":{"start":{"line":5,"column":0},"end":{"line":5,"column":38}},"5":{"start":{"line":6,"column":0},"end":{"line":6,"column":32}},"6":{"start":{"line":7,"column":0},"end":{"line":7,"column":47}},"7":{"start":{"line":8,"column":0},"end":{"line":8,"column":53}},"8":{"start":{"line":9,"column":0},"end":{"line":9,"column":45}},"9":{"start":{"line":12,"column":11},"end":{"line":12,"column":30}},"10":{"start":{"line":13,"column":0},"end":{"line":13,"column":48}},"11":{"start":{"line":13,"column":26},"end":{"line":13,"column":46}},"12":{"start":{"line":14,"column":0},"end":{"line":14,"column":60}},"13":{"start":{"line":14,"column":22},"end":{"line":14,"column":58}},"14":{"start":{"line":16,"column":0},"end":{"line":16,"column":27}},"15":{"start":{"line":17,"column":0},"end":{"line":17,"column":51}},"16":{"start":{"line":18,"column":0},"end":{"line":18,"column":31}},"17":{"start":{"line":19,"column":0},"end":{"line":19,"column":37}},"18":{"start":{"line":20,"column":0},"end":{"line":20,"column":29}},"19":{"start":{"line":22,"column":16},"end":{"line":32,"column":1}},"20":{"start":{"line":23,"column":4},"end":{"line":31,"column":7}},"21":{"start":{"line":23,"column":58},"end":{"line":31,"column":6}},"22":{"start":{"line":24,"column":8},"end":{"line":30,"column":9}},"23":{"start":{"line":25,"column":12},"end":{"line":25,"column":68}},"24":{"start":{"line":26,"column":12},"end":{"line":26,"column":21}},"25":{"start":{"line":28,"column":8},"end":{"line":28,"column":56}},"26":{"start":{"line":29,"column":8},"end":{"line":29,"column":21}},"27":{"start":{"line":34,"column":0},"end":{"line":34,"column":23}}},"fnMap":{"0":{"name":"(anonymous_8)","decl":{"start":{"line":13,"column":15},"end":{"line":13,"column":16}},"loc":{"start":{"line":13,"column":26},"end":{"line":13,"column":46}}},"1":{"name":"(anonymous_9)","decl":{"start":{"line":14,"column":16},"end":{"line":14,"column":19}},"loc":{"start":{"line":14,"column":22},"end":{"line":14,"column":58}}},"2":{"name":"(anonymous_10)","decl":{"start":{"line":22,"column":16},"end":{"line":22,"column":19}},"loc":{"start":{"line":22,"column":21},"end":{"line":32,"column":1}}},"3":{"name":"(anonymous_11)","decl":{"start":{"line":23,"column":32},"end":{"line":23,"column":39}},"loc":{"start":{"line":23,"column":58},"end":{"line":31,"column":6}}},"4":{"name":"(anonymous_12)","decl":{"start":{"line":23,"column":58},"end":{"line":23,"column":null}},"loc":{"start":{"line":23,"column":58},"end":{"line":31,"column":5}}}},"branchMap":{"0":{"loc":{"start":{"line":24,"column":8},"end":{"line":30,"column":9}},"type":"if","locations":[{"start":{"line":24,"column":8},"end":{"line":30,"column":9}},{"start":{"line":27,"column":13},"end":{"line":30,"column":9}}]}},"s":{"0":3,"1":3,"2":3,"3":3,"4":3,"5":3,"6":3,"7":3,"8":3,"9":3,"10":3,"11":0,"12":3,"13":3,"14":3,"15":3,"16":3,"17":3,"18":3,"19":3,"20":3,"21":3,"22":3,"23":0,"24":0,"25":3,"26":3,"27":3},"f":{"0":0,"1":3,"2":3,"3":3,"4":3},"b":{"0":[0,3]}}
,"C:\\Users\\coral\\workspace\\AdvancedWebTopics\\rest_api_2nd_Assignment\\src\\controllers\\authController.ts": {"path":"C:\\Users\\coral\\workspace\\AdvancedWebTopics\\rest_api_2nd_Assignment\\src\\controllers\\authController.ts","statementMap":{"0":{"start":{"line":2,"column":0},"end":{"line":2,"column":44}},"1":{"start":{"line":3,"column":0},"end":{"line":3,"column":30}},"2":{"start":{"line":5,"column":17},"end":{"line":19,"column":null}},"3":{"start":{"line":5,"column":55},"end":{"line":19,"column":null}},"4":{"start":{"line":6,"column":4},"end":{"line":18,"column":5}},"5":{"start":{"line":7,"column":25},"end":{"line":7,"column":42}},"6":{"start":{"line":8,"column":21},"end":{"line":8,"column":45}},"7":{"start":{"line":9,"column":31},"end":{"line":9,"column":64}},"8":{"start":{"line":10,"column":21},"end":{"line":13,"column":null}},"9":{"start":{"line":15,"column":8},"end":{"line":15,"column":35}},"10":{"start":{"line":17,"column":8},"end":{"line":17,"column":36}},"11":{"start":{"line":21,"column":14},"end":{"line":36,"column":null}},"12":{"start":{"line":21,"column":52},"end":{"line":36,"column":null}},"13":{"start":{"line":22,"column":4},"end":{"line":35,"column":5}},"14":{"start":{"line":23,"column":21},"end":{"line":23,"column":71}},"15":{"start":{"line":24,"column":8},"end":{"line":27,"column":9}},"16":{"start":{"line":25,"column":12},"end":{"line":25,"column":51}},"17":{"start":{"line":26,"column":12},"end":{"line":26,"column":19}},"18":{"start":{"line":28,"column":8},"end":{"line":31,"column":9}},"19":{"start":{"line":29,"column":12},"end":{"line":29,"column":58}},"20":{"start":{"line":30,"column":12},"end":{"line":30,"column":19}},"21":{"start":{"line":32,"column":8},"end":{"line":32,"column":35}},"22":{"start":{"line":34,"column":8},"end":{"line":34,"column":36}},"23":{"start":{"line":38,"column":0},"end":{"line":41,"column":null}}},"fnMap":{"0":{"name":"(anonymous_8)","decl":{"start":{"line":5,"column":17},"end":{"line":5,"column":24}},"loc":{"start":{"line":5,"column":55},"end":{"line":19,"column":null}}},"1":{"name":"(anonymous_9)","decl":{"start":{"line":5,"column":55},"end":{"line":5,"column":null}},"loc":{"start":{"line":5,"column":55},"end":{"line":19,"column":1}}},"2":{"name":"(anonymous_10)","decl":{"start":{"line":21,"column":14},"end":{"line":21,"column":21}},"loc":{"start":{"line":21,"column":52},"end":{"line":36,"column":null}}},"3":{"name":"(anonymous_11)","decl":{"start":{"line":21,"column":52},"end":{"line":21,"column":null}},"loc":{"start":{"line":21,"column":52},"end":{"line":36,"column":1}}}},"branchMap":{"0":{"loc":{"start":{"line":24,"column":8},"end":{"line":27,"column":9}},"type":"if","locations":[{"start":{"line":24,"column":8},"end":{"line":27,"column":9}}]},"1":{"loc":{"start":{"line":28,"column":8},"end":{"line":31,"column":9}},"type":"if","locations":[{"start":{"line":28,"column":8},"end":{"line":31,"column":9}}]}},"s":{"0":3,"1":3,"2":3,"3":4,"4":4,"5":4,"6":4,"7":4,"8":3,"9":2,"10":2,"11":3,"12":6,"13":6,"14":6,"15":6,"16":1,"17":1,"18":5,"19":5,"20":5,"21":0,"22":0,"23":3},"f":{"0":4,"1":4,"2":6,"3":6},"b":{"0":[1],"1":[5]}}
,"C:\\Users\\coral\\workspace\\AdvancedWebTopics\\rest_api_2nd_Assignment\\src\\controllers\\baseController.ts": {"path":"C:\\Users\\coral\\workspace\\AdvancedWebTopics\\rest_api_2nd_Assignment\\src\\controllers\\baseController.ts","statementMap":{"0":{"start":{"line":7,"column":8},"end":{"line":7,"column":27}},"1":{"start":{"line":11,"column":23},"end":{"line":11,"column":38}},"2":{"start":{"line":12,"column":8},"end":{"line":22,"column":9}},"3":{"start":{"line":13,"column":12},"end":{"line":19,"column":13}},"4":{"start":{"line":14,"column":29},"end":{"line":14,"column":69}},"5":{"start":{"line":15,"column":16},"end":{"line":15,"column":31}},"6":{"start":{"line":17,"column":30},"end":{"line":17,"column":53}},"7":{"start":{"line":18,"column":16},"end":{"line":18,"column":32}},"8":{"start":{"line":21,"column":12},"end":{"line":21,"column":40}},"9":{"start":{"line":26,"column":19},"end":{"line":26,"column":32}},"10":{"start":{"line":28,"column":8},"end":{"line":37,"column":9}},"11":{"start":{"line":29,"column":25},"end":{"line":29,"column":54}},"12":{"start":{"line":30,"column":12},"end":{"line":34,"column":13}},"13":{"start":{"line":31,"column":16},"end":{"line":31,"column":31}},"14":{"start":{"line":33,"column":16},"end":{"line":33,"column":50}},"15":{"start":{"line":36,"column":12},"end":{"line":36,"column":40}},"16":{"start":{"line":41,"column":21},"end":{"line":41,"column":29}},"17":{"start":{"line":42,"column":8},"end":{"line":47,"column":9}},"18":{"start":{"line":43,"column":25},"end":{"line":43,"column":54}},"19":{"start":{"line":44,"column":12},"end":{"line":44,"column":39}},"20":{"start":{"line":46,"column":12},"end":{"line":46,"column":40}},"21":{"start":{"line":51,"column":19},"end":{"line":51,"column":32}},"22":{"start":{"line":52,"column":21},"end":{"line":52,"column":29}},"23":{"start":{"line":53,"column":8},"end":{"line":63,"column":9}},"24":{"start":{"line":54,"column":12},"end":{"line":54,"column":48}},"25":{"start":{"line":55,"column":27},"end":{"line":55,"column":86}},"26":{"start":{"line":56,"column":12},"end":{"line":60,"column":13}},"27":{"start":{"line":57,"column":16},"end":{"line":57,"column":55}},"28":{"start":{"line":59,"column":16},"end":{"line":59,"column":45}},"29":{"start":{"line":62,"column":12},"end":{"line":62,"column":48}},"30":{"start":{"line":67,"column":19},"end":{"line":67,"column":32}},"31":{"start":{"line":68,"column":8},"end":{"line":73,"column":9}},"32":{"start":{"line":69,"column":23},"end":{"line":69,"column":61}},"33":{"start":{"line":70,"column":12},"end":{"line":70,"column":44}},"34":{"start":{"line":72,"column":12},"end":{"line":72,"column":40}},"35":{"start":{"line":77,"column":0},"end":{"line":77,"column":30}}},"fnMap":{"0":{"name":"(anonymous_7)","decl":{"start":{"line":6,"column":4},"end":{"line":6,"column":16}},"loc":{"start":{"line":6,"column":26},"end":{"line":8,"column":5}}},"1":{"name":"(anonymous_8)","decl":{"start":{"line":10,"column":10},"end":{"line":10,"column":16}},"loc":{"start":{"line":10,"column":44},"end":{"line":23,"column":null}}},"2":{"name":"(anonymous_10)","decl":{"start":{"line":25,"column":10},"end":{"line":25,"column":17}},"loc":{"start":{"line":25,"column":45},"end":{"line":38,"column":null}}},"3":{"name":"(anonymous_12)","decl":{"start":{"line":40,"column":10},"end":{"line":40,"column":16}},"loc":{"start":{"line":40,"column":44},"end":{"line":48,"column":null}}},"4":{"name":"(anonymous_14)","decl":{"start":{"line":50,"column":10},"end":{"line":50,"column":16}},"loc":{"start":{"line":50,"column":44},"end":{"line":64,"column":null}}},"5":{"name":"(anonymous_16)","decl":{"start":{"line":66,"column":10},"end":{"line":66,"column":20}},"loc":{"start":{"line":66,"column":48},"end":{"line":74,"column":null}}}},"branchMap":{"0":{"loc":{"start":{"line":13,"column":12},"end":{"line":19,"column":13}},"type":"if","locations":[{"start":{"line":13,"column":12},"end":{"line":19,"column":13}},{"start":{"line":16,"column":19},"end":{"line":19,"column":13}}]},"1":{"loc":{"start":{"line":30,"column":12},"end":{"line":34,"column":13}},"type":"if","locations":[{"start":{"line":30,"column":12},"end":{"line":34,"column":13}},{"start":{"line":32,"column":19},"end":{"line":34,"column":13}}]},"2":{"loc":{"start":{"line":56,"column":12},"end":{"line":60,"column":13}},"type":"if","locations":[{"start":{"line":56,"column":12},"end":{"line":60,"column":13}},{"start":{"line":58,"column":19},"end":{"line":60,"column":13}}]}},"s":{"0":6,"1":6,"2":6,"3":6,"4":2,"5":2,"6":4,"7":4,"8":0,"9":7,"10":7,"11":7,"12":5,"13":2,"14":3,"15":2,"16":6,"17":6,"18":6,"19":4,"20":2,"21":4,"22":4,"23":4,"24":4,"25":4,"26":2,"27":0,"28":2,"29":2,"30":4,"31":4,"32":4,"33":2,"34":2,"35":3},"f":{"0":6,"1":6,"2":7,"3":6,"4":4,"5":4},"b":{"0":[2,4],"1":[2,3],"2":[0,2]}}
,"C:\\Users\\coral\\workspace\\AdvancedWebTopics\\rest_api_2nd_Assignment\\src\\controllers\\commentController.ts": {"path":"C:\\Users\\coral\\workspace\\AdvancedWebTopics\\rest_api_2nd_Assignment\\src\\controllers\\commentController.ts","statementMap":{"0":{"start":{"line":1,"column":0},"end":{"line":1,"column":65}},"1":{"start":{"line":2,"column":0},"end":{"line":2,"column":46}},"2":{"start":{"line":4,"column":27},"end":{"line":4,"column":70}},"3":{"start":{"line":7,"column":0},"end":{"line":7,"column":null}}},"fnMap":{},"branchMap":{},"s":{"0":3,"1":3,"2":3,"3":3},"f":{},"b":{}}
,"C:\\Users\\coral\\workspace\\AdvancedWebTopics\\rest_api_2nd_Assignment\\src\\controllers\\postController.ts": {"path":"C:\\Users\\coral\\workspace\\AdvancedWebTopics\\rest_api_2nd_Assignment\\src\\controllers\\postController.ts","statementMap":{"0":{"start":{"line":1,"column":0},"end":{"line":1,"column":55}},"1":{"start":{"line":3,"column":0},"end":{"line":3,"column":46}},"2":{"start":{"line":7,"column":8},"end":{"line":7,"column":25}},"3":{"start":{"line":11,"column":18},"end":{"line":12,"column":null}},"4":{"start":{"line":14,"column":8},"end":{"line":14,"column":24}},"5":{"start":{"line":15,"column":8},"end":{"line":15,"column":37}},"6":{"start":{"line":19,"column":0},"end":{"line":19,"column":37}}},"fnMap":{"0":{"name":"(anonymous_8)","decl":{"start":{"line":6,"column":4},"end":{"line":6,"column":null}},"loc":{"start":{"line":6,"column":4},"end":{"line":8,"column":5}}},"1":{"name":"(anonymous_9)","decl":{"start":{"line":10,"column":10},"end":{"line":10,"column":16}},"loc":{"start":{"line":10,"column":44},"end":{"line":16,"column":null}}}},"branchMap":{},"s":{"0":3,"1":3,"2":3,"3":4,"4":4,"5":4,"6":3},"f":{"0":3,"1":4},"b":{}}
,"C:\\Users\\coral\\workspace\\AdvancedWebTopics\\rest_api_2nd_Assignment\\src\\models\\commentModel.ts": {"path":"C:\\Users\\coral\\workspace\\AdvancedWebTopics\\rest_api_2nd_Assignment\\src\\models\\commentModel.ts","statementMap":{"0":{"start":{"line":1,"column":0},"end":{"line":1,"column":32}},"1":{"start":{"line":2,"column":15},"end":{"line":2,"column":30}},"2":{"start":{"line":11,"column":23},"end":{"line":24,"column":2}},"3":{"start":{"line":26,"column":21},"end":{"line":26,"column":73}},"4":{"start":{"line":28,"column":0},"end":{"line":28,"column":28}}},"fnMap":{},"branchMap":{},"s":{"0":3,"1":3,"2":3,"3":3,"4":3},"f":{},"b":{}}
,"C:\\Users\\coral\\workspace\\AdvancedWebTopics\\rest_api_2nd_Assignment\\src\\models\\postModel.ts": {"path":"C:\\Users\\coral\\workspace\\AdvancedWebTopics\\rest_api_2nd_Assignment\\src\\models\\postModel.ts","statementMap":{"0":{"start":{"line":1,"column":0},"end":{"line":1,"column":32}},"1":{"start":{"line":2,"column":15},"end":{"line":2,"column":30}},"2":{"start":{"line":10,"column":19},"end":{"line":23,"column":2}},"3":{"start":{"line":25,"column":18},"end":{"line":25,"column":60}},"4":{"start":{"line":27,"column":0},"end":{"line":27,"column":25}}},"fnMap":{},"branchMap":{},"s":{"0":3,"1":3,"2":3,"3":3,"4":3},"f":{},"b":{}}
,"C:\\Users\\coral\\workspace\\AdvancedWebTopics\\rest_api_2nd_Assignment\\src\\models\\userModel.ts": {"path":"C:\\Users\\coral\\workspace\\AdvancedWebTopics\\rest_api_2nd_Assignment\\src\\models\\userModel.ts","statementMap":{"0":{"start":{"line":1,"column":0},"end":{"line":1,"column":32}},"1":{"start":{"line":10,"column":19},"end":{"line":24,"column":2}},"2":{"start":{"line":26,"column":18},"end":{"line":26,"column":60}},"3":{"start":{"line":28,"column":0},"end":{"line":28,"column":25}}},"fnMap":{},"branchMap":{},"s":{"0":3,"1":3,"2":3,"3":3},"f":{},"b":{}}
,"C:\\Users\\coral\\workspace\\AdvancedWebTopics\\rest_api_2nd_Assignment\\src\\routes\\authRoutes.ts": {"path":"C:\\Users\\coral\\workspace\\AdvancedWebTopics\\rest_api_2nd_Assignment\\src\\routes\\authRoutes.ts","statementMap":{"0":{"start":{"line":1,"column":0},"end":{"line":1,"column":32}},"1":{"start":{"line":2,"column":15},"end":{"line":2,"column":31}},"2":{"start":{"line":3,"column":0},"end":{"line":3,"column":59}},"3":{"start":{"line":5,"column":0},"end":{"line":5,"column":50}},"4":{"start":{"line":6,"column":0},"end":{"line":6,"column":44}},"5":{"start":{"line":7,"column":0},"end":{"line":7,"column":22}}},"fnMap":{},"branchMap":{},"s":{"0":3,"1":3,"2":3,"3":3,"4":3,"5":3},"f":{},"b":{}}
,"C:\\Users\\coral\\workspace\\AdvancedWebTopics\\rest_api_2nd_Assignment\\src\\routes\\commentsRoutes.ts": {"path":"C:\\Users\\coral\\workspace\\AdvancedWebTopics\\rest_api_2nd_Assignment\\src\\routes\\commentsRoutes.ts","statementMap":{"0":{"start":{"line":1,"column":0},"end":{"line":1,"column":32}},"1":{"start":{"line":2,"column":15},"end":{"line":2,"column":31}},"2":{"start":{"line":3,"column":0},"end":{"line":3,"column":65}},"3":{"start":{"line":5,"column":0},"end":{"line":5,"column":70}},"4":{"start":{"line":6,"column":0},"end":{"line":6,"column":66}},"5":{"start":{"line":7,"column":0},"end":{"line":7,"column":67}},"6":{"start":{"line":8,"column":0},"end":{"line":8,"column":76}},"7":{"start":{"line":9,"column":0},"end":{"line":9,"column":69}},"8":{"start":{"line":12,"column":0},"end":{"line":12,"column":22}}},"fnMap":{},"branchMap":{},"s":{"0":3,"1":3,"2":3,"3":3,"4":3,"5":3,"6":3,"7":3,"8":3},"f":{},"b":{}}
,"C:\\Users\\coral\\workspace\\AdvancedWebTopics\\rest_api_2nd_Assignment\\src\\routes\\postsRoutes.ts": {"path":"C:\\Users\\coral\\workspace\\AdvancedWebTopics\\rest_api_2nd_Assignment\\src\\routes\\postsRoutes.ts","statementMap":{"0":{"start":{"line":1,"column":0},"end":{"line":1,"column":32}},"1":{"start":{"line":2,"column":15},"end":{"line":2,"column":31}},"2":{"start":{"line":3,"column":0},"end":{"line":3,"column":59}},"3":{"start":{"line":5,"column":0},"end":{"line":5,"column":64}},"4":{"start":{"line":6,"column":0},"end":{"line":6,"column":60}},"5":{"start":{"line":7,"column":0},"end":{"line":7,"column":61}},"6":{"start":{"line":8,"column":0},"end":{"line":8,"column":70}},"7":{"start":{"line":9,"column":0},"end":{"line":9,"column":63}},"8":{"start":{"line":11,"column":0},"end":{"line":11,"column":22}}},"fnMap":{},"branchMap":{},"s":{"0":3,"1":3,"2":3,"3":3,"4":3,"5":3,"6":3,"7":3,"8":3},"f":{},"b":{}}
}
