{"C:\\Users\\coral\\workspace\\AdvancedWebTopics\\rest_api_2nd_Assignment\\src\\server.ts": {"path":"C:\\Users\\coral\\workspace\\AdvancedWebTopics\\rest_api_2nd_Assignment\\src\\server.ts","statementMap":{"0":{"start":{"line":1,"column":0},"end":{"line":1,"column":41}},"1":{"start":{"line":2,"column":12},"end":{"line":2,"column":21}},"2":{"start":{"line":3,"column":0},"end":{"line":3,"column":28}},"3":{"start":{"line":4,"column":0},"end":{"line":4,"column":16}},"4":{"start":{"line":5,"column":0},"end":{"line":5,"column":38}},"5":{"start":{"line":6,"column":0},"end":{"line":6,"column":32}},"6":{"start":{"line":7,"column":0},"end":{"line":7,"column":47}},"7":{"start":{"line":8,"column":0},"end":{"line":8,"column":53}},"8":{"start":{"line":10,"column":11},"end":{"line":10,"column":30}},"9":{"start":{"line":11,"column":0},"end":{"line":11,"column":48}},"10":{"start":{"line":11,"column":26},"end":{"line":11,"column":46}},"11":{"start":{"line":12,"column":0},"end":{"line":12,"column":60}},"12":{"start":{"line":12,"column":22},"end":{"line":12,"column":58}},"13":{"start":{"line":14,"column":0},"end":{"line":14,"column":27}},"14":{"start":{"line":15,"column":0},"end":{"line":15,"column":51}},"15":{"start":{"line":17,"column":0},"end":{"line":17,"column":31}},"16":{"start":{"line":18,"column":0},"end":{"line":18,"column":37}},"17":{"start":{"line":20,"column":16},"end":{"line":30,"column":1}},"18":{"start":{"line":21,"column":4},"end":{"line":29,"column":7}},"19":{"start":{"line":21,"column":58},"end":{"line":29,"column":6}},"20":{"start":{"line":22,"column":8},"end":{"line":28,"column":9}},"21":{"start":{"line":23,"column":12},"end":{"line":23,"column":68}},"22":{"start":{"line":24,"column":12},"end":{"line":24,"column":21}},"23":{"start":{"line":26,"column":8},"end":{"line":26,"column":56}},"24":{"start":{"line":27,"column":8},"end":{"line":27,"column":21}},"25":{"start":{"line":32,"column":0},"end":{"line":32,"column":23}}},"fnMap":{"0":{"name":"(anonymous_8)","decl":{"start":{"line":11,"column":15},"end":{"line":11,"column":16}},"loc":{"start":{"line":11,"column":26},"end":{"line":11,"column":46}}},"1":{"name":"(anonymous_9)","decl":{"start":{"line":12,"column":16},"end":{"line":12,"column":19}},"loc":{"start":{"line":12,"column":22},"end":{"line":12,"column":58}}},"2":{"name":"(anonymous_10)","decl":{"start":{"line":20,"column":16},"end":{"line":20,"column":19}},"loc":{"start":{"line":20,"column":21},"end":{"line":30,"column":1}}},"3":{"name":"(anonymous_11)","decl":{"start":{"line":21,"column":32},"end":{"line":21,"column":39}},"loc":{"start":{"line":21,"column":58},"end":{"line":29,"column":6}}},"4":{"name":"(anonymous_12)","decl":{"start":{"line":21,"column":58},"end":{"line":21,"column":null}},"loc":{"start":{"line":21,"column":58},"end":{"line":29,"column":5}}}},"branchMap":{"0":{"loc":{"start":{"line":22,"column":8},"end":{"line":28,"column":9}},"type":"if","locations":[{"start":{"line":22,"column":8},"end":{"line":28,"column":9}},{"start":{"line":25,"column":13},"end":{"line":28,"column":9}}]}},"s":{"0":2,"1":2,"2":2,"3":2,"4":2,"5":2,"6":2,"7":2,"8":2,"9":2,"10":0,"11":2,"12":2,"13":2,"14":2,"15":2,"16":2,"17":2,"18":2,"19":2,"20":2,"21":0,"22":0,"23":2,"24":2,"25":2},"f":{"0":0,"1":2,"2":2,"3":2,"4":2},"b":{"0":[0,2]}}
,"C:\\Users\\coral\\workspace\\AdvancedWebTopics\\rest_api_2nd_Assignment\\src\\controllers\\baseController.ts": {"path":"C:\\Users\\coral\\workspace\\AdvancedWebTopics\\rest_api_2nd_Assignment\\src\\controllers\\baseController.ts","statementMap":{"0":{"start":{"line":3,"column":16},"end":{"line":16,"column":2}},"1":{"start":{"line":3,"column":81},"end":{"line":16,"column":2}},"2":{"start":{"line":4,"column":19},"end":{"line":4,"column":32}},"3":{"start":{"line":5,"column":4},"end":{"line":15,"column":5}},"4":{"start":{"line":6,"column":8},"end":{"line":6,"column":48}},"5":{"start":{"line":7,"column":23},"end":{"line":7,"column":51}},"6":{"start":{"line":8,"column":8},"end":{"line":12,"column":9}},"7":{"start":{"line":9,"column":12},"end":{"line":9,"column":52}},"8":{"start":{"line":11,"column":12},"end":{"line":11,"column":40}},"9":{"start":{"line":14,"column":8},"end":{"line":14,"column":44}},"10":{"start":{"line":18,"column":15},"end":{"line":32,"column":2}},"11":{"start":{"line":18,"column":80},"end":{"line":32,"column":2}},"12":{"start":{"line":19,"column":24},"end":{"line":19,"column":61}},"13":{"start":{"line":20,"column":4},"end":{"line":31,"column":5}},"14":{"start":{"line":21,"column":8},"end":{"line":21,"column":51}},"15":{"start":{"line":22,"column":8},"end":{"line":28,"column":9}},"16":{"start":{"line":23,"column":27},"end":{"line":23,"column":67}},"17":{"start":{"line":24,"column":12},"end":{"line":24,"column":41}},"18":{"start":{"line":26,"column":27},"end":{"line":26,"column":45}},"19":{"start":{"line":27,"column":12},"end":{"line":27,"column":41}},"20":{"start":{"line":30,"column":8},"end":{"line":30,"column":44}},"21":{"start":{"line":34,"column":15},"end":{"line":43,"column":2}},"22":{"start":{"line":34,"column":80},"end":{"line":43,"column":2}},"23":{"start":{"line":35,"column":18},"end":{"line":35,"column":26}},"24":{"start":{"line":36,"column":4},"end":{"line":42,"column":5}},"25":{"start":{"line":37,"column":8},"end":{"line":37,"column":45}},"26":{"start":{"line":38,"column":25},"end":{"line":38,"column":50}},"27":{"start":{"line":39,"column":8},"end":{"line":39,"column":39}},"28":{"start":{"line":41,"column":8},"end":{"line":41,"column":44}},"29":{"start":{"line":45,"column":20},"end":{"line":58,"column":2}},"30":{"start":{"line":45,"column":85},"end":{"line":58,"column":2}},"31":{"start":{"line":46,"column":20},"end":{"line":46,"column":33}},"32":{"start":{"line":47,"column":4},"end":{"line":57,"column":5}},"33":{"start":{"line":48,"column":8},"end":{"line":48,"column":45}},"34":{"start":{"line":49,"column":21},"end":{"line":49,"column":59}},"35":{"start":{"line":50,"column":8},"end":{"line":54,"column":9}},"36":{"start":{"line":51,"column":12},"end":{"line":51,"column":52}},"37":{"start":{"line":53,"column":12},"end":{"line":53,"column":40}},"38":{"start":{"line":56,"column":8},"end":{"line":56,"column":44}},"39":{"start":{"line":60,"column":15},"end":{"line":74,"column":2}},"40":{"start":{"line":60,"column":80},"end":{"line":74,"column":2}},"41":{"start":{"line":61,"column":20},"end":{"line":61,"column":33}},"42":{"start":{"line":62,"column":18},"end":{"line":62,"column":26}},"43":{"start":{"line":63,"column":4},"end":{"line":73,"column":5}},"44":{"start":{"line":64,"column":8},"end":{"line":64,"column":45}},"45":{"start":{"line":65,"column":24},"end":{"line":65,"column":84}},"46":{"start":{"line":66,"column":8},"end":{"line":70,"column":9}},"47":{"start":{"line":67,"column":12},"end":{"line":67,"column":52}},"48":{"start":{"line":69,"column":12},"end":{"line":69,"column":42}},"49":{"start":{"line":72,"column":8},"end":{"line":72,"column":44}},"50":{"start":{"line":76,"column":0},"end":{"line":82,"column":2}}},"fnMap":{"0":{"name":"(anonymous_7)","decl":{"start":{"line":3,"column":16},"end":{"line":3,"column":23}},"loc":{"start":{"line":3,"column":81},"end":{"line":16,"column":2}}},"1":{"name":"(anonymous_8)","decl":{"start":{"line":3,"column":81},"end":{"line":3,"column":null}},"loc":{"start":{"line":3,"column":81},"end":{"line":16,"column":1}}},"2":{"name":"(anonymous_9)","decl":{"start":{"line":18,"column":15},"end":{"line":18,"column":22}},"loc":{"start":{"line":18,"column":80},"end":{"line":32,"column":2}}},"3":{"name":"(anonymous_10)","decl":{"start":{"line":18,"column":80},"end":{"line":18,"column":null}},"loc":{"start":{"line":18,"column":80},"end":{"line":32,"column":1}}},"4":{"name":"(anonymous_11)","decl":{"start":{"line":34,"column":15},"end":{"line":34,"column":22}},"loc":{"start":{"line":34,"column":80},"end":{"line":43,"column":2}}},"5":{"name":"(anonymous_12)","decl":{"start":{"line":34,"column":80},"end":{"line":34,"column":null}},"loc":{"start":{"line":34,"column":80},"end":{"line":43,"column":1}}},"6":{"name":"(anonymous_13)","decl":{"start":{"line":45,"column":20},"end":{"line":45,"column":27}},"loc":{"start":{"line":45,"column":85},"end":{"line":58,"column":2}}},"7":{"name":"(anonymous_14)","decl":{"start":{"line":45,"column":85},"end":{"line":45,"column":null}},"loc":{"start":{"line":45,"column":85},"end":{"line":58,"column":1}}},"8":{"name":"(anonymous_15)","decl":{"start":{"line":60,"column":15},"end":{"line":60,"column":22}},"loc":{"start":{"line":60,"column":80},"end":{"line":74,"column":2}}},"9":{"name":"(anonymous_16)","decl":{"start":{"line":60,"column":80},"end":{"line":60,"column":null}},"loc":{"start":{"line":60,"column":80},"end":{"line":74,"column":1}}}},"branchMap":{"0":{"loc":{"start":{"line":8,"column":8},"end":{"line":12,"column":9}},"type":"if","locations":[{"start":{"line":8,"column":8},"end":{"line":12,"column":9}},{"start":{"line":10,"column":15},"end":{"line":12,"column":9}}]},"1":{"loc":{"start":{"line":22,"column":8},"end":{"line":28,"column":9}},"type":"if","locations":[{"start":{"line":22,"column":8},"end":{"line":28,"column":9}},{"start":{"line":25,"column":15},"end":{"line":28,"column":9}}]},"2":{"loc":{"start":{"line":50,"column":8},"end":{"line":54,"column":9}},"type":"if","locations":[{"start":{"line":50,"column":8},"end":{"line":54,"column":9}},{"start":{"line":52,"column":15},"end":{"line":54,"column":9}}]},"3":{"loc":{"start":{"line":66,"column":8},"end":{"line":70,"column":9}},"type":"if","locations":[{"start":{"line":66,"column":8},"end":{"line":70,"column":9}},{"start":{"line":68,"column":15},"end":{"line":70,"column":9}}]}},"s":{"0":2,"1":6,"2":6,"3":6,"4":6,"5":6,"6":4,"7":0,"8":4,"9":6,"10":2,"11":6,"12":6,"13":6,"14":6,"15":6,"16":2,"17":2,"18":4,"19":4,"20":0,"21":2,"22":5,"23":5,"24":5,"25":5,"26":5,"27":3,"28":2,"29":2,"30":4,"31":4,"32":4,"33":4,"34":4,"35":2,"36":0,"37":2,"38":4,"39":2,"40":4,"41":4,"42":4,"43":4,"44":4,"45":4,"46":2,"47":0,"48":2,"49":2,"50":2},"f":{"0":6,"1":6,"2":6,"3":6,"4":5,"5":5,"6":4,"7":4,"8":4,"9":4},"b":{"0":[0,4],"1":[2,4],"2":[0,2],"3":[0,2]}}
,"C:\\Users\\coral\\workspace\\AdvancedWebTopics\\rest_api_2nd_Assignment\\src\\controllers\\commentController.ts": {"path":"C:\\Users\\coral\\workspace\\AdvancedWebTopics\\rest_api_2nd_Assignment\\src\\controllers\\commentController.ts","statementMap":{"0":{"start":{"line":1,"column":0},"end":{"line":1,"column":50}},"1":{"start":{"line":3,"column":0},"end":{"line":3,"column":46}},"2":{"start":{"line":5,"column":23},"end":{"line":7,"column":2}},"3":{"start":{"line":5,"column":76},"end":{"line":7,"column":2}},"4":{"start":{"line":6,"column":4},"end":{"line":6,"column":51}},"5":{"start":{"line":9,"column":23},"end":{"line":11,"column":2}},"6":{"start":{"line":9,"column":76},"end":{"line":11,"column":2}},"7":{"start":{"line":10,"column":4},"end":{"line":10,"column":50}},"8":{"start":{"line":13,"column":19},"end":{"line":15,"column":2}},"9":{"start":{"line":13,"column":72},"end":{"line":15,"column":2}},"10":{"start":{"line":14,"column":4},"end":{"line":14,"column":50}},"11":{"start":{"line":17,"column":22},"end":{"line":19,"column":2}},"12":{"start":{"line":17,"column":75},"end":{"line":19,"column":2}},"13":{"start":{"line":18,"column":4},"end":{"line":18,"column":55}},"14":{"start":{"line":21,"column":22},"end":{"line":23,"column":2}},"15":{"start":{"line":21,"column":75},"end":{"line":23,"column":2}},"16":{"start":{"line":22,"column":4},"end":{"line":22,"column":50}},"17":{"start":{"line":25,"column":0},"end":{"line":31,"column":2}}},"fnMap":{"0":{"name":"(anonymous_8)","decl":{"start":{"line":5,"column":23},"end":{"line":5,"column":30}},"loc":{"start":{"line":5,"column":76},"end":{"line":7,"column":2}}},"1":{"name":"(anonymous_9)","decl":{"start":{"line":5,"column":76},"end":{"line":5,"column":null}},"loc":{"start":{"line":5,"column":76},"end":{"line":7,"column":1}}},"2":{"name":"(anonymous_10)","decl":{"start":{"line":9,"column":23},"end":{"line":9,"column":30}},"loc":{"start":{"line":9,"column":76},"end":{"line":11,"column":2}}},"3":{"name":"(anonymous_11)","decl":{"start":{"line":9,"column":76},"end":{"line":9,"column":null}},"loc":{"start":{"line":9,"column":76},"end":{"line":11,"column":1}}},"4":{"name":"(anonymous_12)","decl":{"start":{"line":13,"column":19},"end":{"line":13,"column":26}},"loc":{"start":{"line":13,"column":72},"end":{"line":15,"column":2}}},"5":{"name":"(anonymous_13)","decl":{"start":{"line":13,"column":72},"end":{"line":13,"column":null}},"loc":{"start":{"line":13,"column":72},"end":{"line":15,"column":1}}},"6":{"name":"(anonymous_14)","decl":{"start":{"line":17,"column":22},"end":{"line":17,"column":29}},"loc":{"start":{"line":17,"column":75},"end":{"line":19,"column":2}}},"7":{"name":"(anonymous_15)","decl":{"start":{"line":17,"column":75},"end":{"line":17,"column":null}},"loc":{"start":{"line":17,"column":75},"end":{"line":19,"column":1}}},"8":{"name":"(anonymous_16)","decl":{"start":{"line":21,"column":22},"end":{"line":21,"column":29}},"loc":{"start":{"line":21,"column":75},"end":{"line":23,"column":2}}},"9":{"name":"(anonymous_17)","decl":{"start":{"line":21,"column":75},"end":{"line":21,"column":null}},"loc":{"start":{"line":21,"column":75},"end":{"line":23,"column":1}}}},"branchMap":{},"s":{"0":2,"1":2,"2":2,"3":3,"4":3,"5":2,"6":3,"7":3,"8":2,"9":2,"10":2,"11":2,"12":2,"13":2,"14":2,"15":2,"16":2,"17":2},"f":{"0":3,"1":3,"2":3,"3":3,"4":2,"5":2,"6":2,"7":2,"8":2,"9":2},"b":{}}
,"C:\\Users\\coral\\workspace\\AdvancedWebTopics\\rest_api_2nd_Assignment\\src\\controllers\\postController.ts": {"path":"C:\\Users\\coral\\workspace\\AdvancedWebTopics\\rest_api_2nd_Assignment\\src\\controllers\\postController.ts","statementMap":{"0":{"start":{"line":1,"column":0},"end":{"line":1,"column":44}},"1":{"start":{"line":3,"column":0},"end":{"line":3,"column":46}},"2":{"start":{"line":5,"column":20},"end":{"line":7,"column":2}},"3":{"start":{"line":5,"column":73},"end":{"line":7,"column":2}},"4":{"start":{"line":6,"column":0},"end":{"line":6,"column":44}},"5":{"start":{"line":9,"column":20},"end":{"line":11,"column":2}},"6":{"start":{"line":9,"column":73},"end":{"line":11,"column":2}},"7":{"start":{"line":10,"column":0},"end":{"line":10,"column":43}},"8":{"start":{"line":13,"column":19},"end":{"line":15,"column":2}},"9":{"start":{"line":13,"column":72},"end":{"line":15,"column":2}},"10":{"start":{"line":14,"column":0},"end":{"line":14,"column":43}},"11":{"start":{"line":17,"column":19},"end":{"line":19,"column":2}},"12":{"start":{"line":17,"column":72},"end":{"line":19,"column":2}},"13":{"start":{"line":18,"column":0},"end":{"line":18,"column":48}},"14":{"start":{"line":21,"column":19},"end":{"line":23,"column":2}},"15":{"start":{"line":21,"column":72},"end":{"line":23,"column":2}},"16":{"start":{"line":22,"column":0},"end":{"line":22,"column":43}},"17":{"start":{"line":25,"column":0},"end":{"line":31,"column":2}}},"fnMap":{"0":{"name":"(anonymous_8)","decl":{"start":{"line":5,"column":20},"end":{"line":5,"column":27}},"loc":{"start":{"line":5,"column":73},"end":{"line":7,"column":2}}},"1":{"name":"(anonymous_9)","decl":{"start":{"line":5,"column":73},"end":{"line":5,"column":null}},"loc":{"start":{"line":5,"column":73},"end":{"line":7,"column":1}}},"2":{"name":"(anonymous_10)","decl":{"start":{"line":9,"column":20},"end":{"line":9,"column":27}},"loc":{"start":{"line":9,"column":73},"end":{"line":11,"column":2}}},"3":{"name":"(anonymous_11)","decl":{"start":{"line":9,"column":73},"end":{"line":9,"column":null}},"loc":{"start":{"line":9,"column":73},"end":{"line":11,"column":1}}},"4":{"name":"(anonymous_12)","decl":{"start":{"line":13,"column":19},"end":{"line":13,"column":26}},"loc":{"start":{"line":13,"column":72},"end":{"line":15,"column":2}}},"5":{"name":"(anonymous_13)","decl":{"start":{"line":13,"column":72},"end":{"line":13,"column":null}},"loc":{"start":{"line":13,"column":72},"end":{"line":15,"column":1}}},"6":{"name":"(anonymous_14)","decl":{"start":{"line":17,"column":19},"end":{"line":17,"column":26}},"loc":{"start":{"line":17,"column":72},"end":{"line":19,"column":2}}},"7":{"name":"(anonymous_15)","decl":{"start":{"line":17,"column":72},"end":{"line":17,"column":null}},"loc":{"start":{"line":17,"column":72},"end":{"line":19,"column":1}}},"8":{"name":"(anonymous_16)","decl":{"start":{"line":21,"column":19},"end":{"line":21,"column":26}},"loc":{"start":{"line":21,"column":72},"end":{"line":23,"column":2}}},"9":{"name":"(anonymous_17)","decl":{"start":{"line":21,"column":72},"end":{"line":21,"column":null}},"loc":{"start":{"line":21,"column":72},"end":{"line":23,"column":1}}}},"branchMap":{},"s":{"0":2,"1":2,"2":2,"3":3,"4":3,"5":2,"6":3,"7":3,"8":2,"9":3,"10":3,"11":2,"12":2,"13":2,"14":2,"15":2,"16":2,"17":2},"f":{"0":3,"1":3,"2":3,"3":3,"4":3,"5":3,"6":2,"7":2,"8":2,"9":2},"b":{}}
,"C:\\Users\\coral\\workspace\\AdvancedWebTopics\\rest_api_2nd_Assignment\\src\\models\\commentModel.ts": {"path":"C:\\Users\\coral\\workspace\\AdvancedWebTopics\\rest_api_2nd_Assignment\\src\\models\\commentModel.ts","statementMap":{"0":{"start":{"line":1,"column":0},"end":{"line":1,"column":32}},"1":{"start":{"line":2,"column":19},"end":{"line":2,"column":27}},"2":{"start":{"line":4,"column":22},"end":{"line":20,"column":2}},"3":{"start":{"line":22,"column":21},"end":{"line":22,"column":62}},"4":{"start":{"line":24,"column":0},"end":{"line":24,"column":28}}},"fnMap":{},"branchMap":{},"s":{"0":2,"1":2,"2":2,"3":2,"4":2},"f":{},"b":{}}
,"C:\\Users\\coral\\workspace\\AdvancedWebTopics\\rest_api_2nd_Assignment\\src\\models\\postModel.ts": {"path":"C:\\Users\\coral\\workspace\\AdvancedWebTopics\\rest_api_2nd_Assignment\\src\\models\\postModel.ts","statementMap":{"0":{"start":{"line":1,"column":0},"end":{"line":1,"column":32}},"1":{"start":{"line":2,"column":19},"end":{"line":2,"column":27}},"2":{"start":{"line":4,"column":19},"end":{"line":20,"column":2}},"3":{"start":{"line":22,"column":18},"end":{"line":22,"column":53}},"4":{"start":{"line":24,"column":0},"end":{"line":24,"column":25}}},"fnMap":{},"branchMap":{},"s":{"0":2,"1":2,"2":2,"3":2,"4":2},"f":{},"b":{}}
,"C:\\Users\\coral\\workspace\\AdvancedWebTopics\\rest_api_2nd_Assignment\\src\\routes\\commentsRoutes.ts": {"path":"C:\\Users\\coral\\workspace\\AdvancedWebTopics\\rest_api_2nd_Assignment\\src\\routes\\commentsRoutes.ts","statementMap":{"0":{"start":{"line":1,"column":0},"end":{"line":1,"column":32}},"1":{"start":{"line":2,"column":15},"end":{"line":2,"column":31}},"2":{"start":{"line":3,"column":0},"end":{"line":3,"column":65}},"3":{"start":{"line":5,"column":0},"end":{"line":5,"column":53}},"4":{"start":{"line":6,"column":0},"end":{"line":6,"column":50}},"5":{"start":{"line":7,"column":0},"end":{"line":7,"column":47}},"6":{"start":{"line":8,"column":0},"end":{"line":8,"column":55}},"7":{"start":{"line":9,"column":0},"end":{"line":9,"column":52}},"8":{"start":{"line":11,"column":0},"end":{"line":11,"column":22}}},"fnMap":{},"branchMap":{},"s":{"0":2,"1":2,"2":2,"3":2,"4":2,"5":2,"6":2,"7":2,"8":2},"f":{},"b":{}}
,"C:\\Users\\coral\\workspace\\AdvancedWebTopics\\rest_api_2nd_Assignment\\src\\routes\\postsRoutes.ts": {"path":"C:\\Users\\coral\\workspace\\AdvancedWebTopics\\rest_api_2nd_Assignment\\src\\routes\\postsRoutes.ts","statementMap":{"0":{"start":{"line":1,"column":0},"end":{"line":1,"column":32}},"1":{"start":{"line":2,"column":15},"end":{"line":2,"column":31}},"2":{"start":{"line":3,"column":0},"end":{"line":3,"column":59}},"3":{"start":{"line":5,"column":0},"end":{"line":5,"column":47}},"4":{"start":{"line":6,"column":0},"end":{"line":6,"column":44}},"5":{"start":{"line":7,"column":0},"end":{"line":7,"column":44}},"6":{"start":{"line":8,"column":0},"end":{"line":8,"column":49}},"7":{"start":{"line":9,"column":0},"end":{"line":9,"column":46}},"8":{"start":{"line":11,"column":0},"end":{"line":11,"column":22}}},"fnMap":{},"branchMap":{},"s":{"0":2,"1":2,"2":2,"3":2,"4":2,"5":2,"6":2,"7":2,"8":2},"f":{},"b":{}}
}
