TN:
SF:src\server.ts
FN:11,(anonymous_8)
FN:12,(anonymous_9)
FN:20,(anonymous_10)
FN:21,(anonymous_11)
FN:21,(anonymous_12)
FNF:5
FNH:4
FNDA:0,(anonymous_8)
FNDA:2,(anonymous_9)
FNDA:2,(anonymous_10)
FNDA:2,(anonymous_11)
FNDA:2,(anonymous_12)
DA:1,2
DA:2,2
DA:3,2
DA:4,2
DA:5,2
DA:6,2
DA:7,2
DA:8,2
DA:10,2
DA:11,2
DA:12,2
DA:14,2
DA:15,2
DA:17,2
DA:18,2
DA:20,2
DA:21,2
DA:22,2
DA:23,0
DA:24,0
DA:26,2
DA:27,2
DA:32,2
LF:23
LH:21
BRDA:22,0,0,0
BRDA:22,0,1,2
BRF:2
BRH:1
end_of_record
TN:
SF:src\controllers\baseController.ts
FN:3,(anonymous_7)
FN:3,(anonymous_8)
FN:18,(anonymous_9)
FN:18,(anonymous_10)
FN:34,(anonymous_11)
FN:34,(anonymous_12)
FN:45,(anonymous_13)
FN:45,(anonymous_14)
FN:60,(anonymous_15)
FN:60,(anonymous_16)
FNF:10
FNH:10
FNDA:6,(anonymous_7)
FNDA:6,(anonymous_8)
FNDA:6,(anonymous_9)
FNDA:6,(anonymous_10)
FNDA:5,(anonymous_11)
FNDA:5,(anonymous_12)
FNDA:4,(anonymous_13)
FNDA:4,(anonymous_14)
FNDA:4,(anonymous_15)
FNDA:4,(anonymous_16)
DA:3,6
DA:4,6
DA:5,6
DA:6,6
DA:7,6
DA:8,4
DA:9,0
DA:11,4
DA:14,6
DA:18,6
DA:19,6
DA:20,6
DA:21,6
DA:22,6
DA:23,2
DA:24,2
DA:26,4
DA:27,4
DA:30,0
DA:34,5
DA:35,5
DA:36,5
DA:37,5
DA:38,5
DA:39,3
DA:41,2
DA:45,4
DA:46,4
DA:47,4
DA:48,4
DA:49,4
DA:50,2
DA:51,0
DA:53,2
DA:56,4
DA:60,4
DA:61,4
DA:62,4
DA:63,4
DA:64,4
DA:65,4
DA:66,2
DA:67,0
DA:69,2
DA:72,2
DA:76,2
LF:46
LH:42
BRDA:8,0,0,0
BRDA:8,0,1,4
BRDA:22,1,0,2
BRDA:22,1,1,4
BRDA:50,2,0,0
BRDA:50,2,1,2
BRDA:66,3,0,0
BRDA:66,3,1,2
BRF:8
BRH:5
end_of_record
TN:
SF:src\controllers\commentController.ts
FN:5,(anonymous_8)
FN:5,(anonymous_9)
FN:9,(anonymous_10)
FN:9,(anonymous_11)
FN:13,(anonymous_12)
FN:13,(anonymous_13)
FN:17,(anonymous_14)
FN:17,(anonymous_15)
FN:21,(anonymous_16)
FN:21,(anonymous_17)
FNF:10
FNH:10
FNDA:3,(anonymous_8)
FNDA:3,(anonymous_9)
FNDA:3,(anonymous_10)
FNDA:3,(anonymous_11)
FNDA:2,(anonymous_12)
FNDA:2,(anonymous_13)
FNDA:2,(anonymous_14)
FNDA:2,(anonymous_15)
FNDA:2,(anonymous_16)
FNDA:2,(anonymous_17)
DA:1,2
DA:3,2
DA:5,3
DA:6,3
DA:9,3
DA:10,3
DA:13,2
DA:14,2
DA:17,2
DA:18,2
DA:21,2
DA:22,2
DA:25,2
LF:13
LH:13
BRF:0
BRH:0
end_of_record
TN:
SF:src\controllers\postController.ts
FN:5,(anonymous_8)
FN:5,(anonymous_9)
FN:9,(anonymous_10)
FN:9,(anonymous_11)
FN:13,(anonymous_12)
FN:13,(anonymous_13)
FN:17,(anonymous_14)
FN:17,(anonymous_15)
FN:21,(anonymous_16)
FN:21,(anonymous_17)
FNF:10
FNH:10
FNDA:3,(anonymous_8)
FNDA:3,(anonymous_9)
FNDA:3,(anonymous_10)
FNDA:3,(anonymous_11)
FNDA:3,(anonymous_12)
FNDA:3,(anonymous_13)
FNDA:2,(anonymous_14)
FNDA:2,(anonymous_15)
FNDA:2,(anonymous_16)
FNDA:2,(anonymous_17)
DA:1,2
DA:3,2
DA:5,3
DA:6,3
DA:9,3
DA:10,3
DA:13,3
DA:14,3
DA:17,2
DA:18,2
DA:21,2
DA:22,2
DA:25,2
LF:13
LH:13
BRF:0
BRH:0
end_of_record
TN:
SF:src\models\commentModel.ts
FNF:0
FNH:0
DA:1,2
DA:2,2
DA:4,2
DA:22,2
DA:24,2
LF:5
LH:5
BRF:0
BRH:0
end_of_record
TN:
SF:src\models\postModel.ts
FNF:0
FNH:0
DA:1,2
DA:2,2
DA:4,2
DA:22,2
DA:24,2
LF:5
LH:5
BRF:0
BRH:0
end_of_record
TN:
SF:src\routes\commentsRoutes.ts
FNF:0
FNH:0
DA:1,2
DA:2,2
DA:3,2
DA:5,2
DA:6,2
DA:7,2
DA:8,2
DA:9,2
DA:11,2
LF:9
LH:9
BRF:0
BRH:0
end_of_record
TN:
SF:src\routes\postsRoutes.ts
FNF:0
FNH:0
DA:1,2
DA:2,2
DA:3,2
DA:5,2
DA:6,2
DA:7,2
DA:8,2
DA:9,2
DA:11,2
LF:9
LH:9
BRF:0
BRH:0
end_of_record
