TN:
SF:src\server.ts
FN:13,(anonymous_8)
FN:14,(anonymous_9)
FN:22,(anonymous_10)
FN:23,(anonymous_11)
FN:23,(anonymous_12)
FNF:5
FNH:4
FNDA:0,(anonymous_8)
FNDA:3,(anonymous_9)
FNDA:3,(anonymous_10)
FNDA:3,(anonymous_11)
FNDA:3,(anonymous_12)
DA:1,3
DA:2,3
DA:3,3
DA:4,3
DA:5,3
DA:6,3
DA:7,3
DA:8,3
DA:9,3
DA:12,3
DA:13,3
DA:14,3
DA:16,3
DA:17,3
DA:18,3
DA:19,3
DA:20,3
DA:22,3
DA:23,3
DA:24,3
DA:25,0
DA:26,0
DA:28,3
DA:29,3
DA:34,3
LF:25
LH:23
BRDA:24,0,0,0
BRDA:24,0,1,3
BRF:2
BRH:1
end_of_record
TN:
SF:src\controllers\authController.ts
FN:13,(anonymous_8)
FN:13,(anonymous_9)
FN:29,(anonymous_10)
FN:29,(anonymous_11)
FN:75,(anonymous_12)
FN:75,(anonymous_13)
FN:97,(anonymous_14)
FN:125,(anonymous_15)
FN:125,(anonymous_16)
FN:139,(anonymous_17)
FN:148,(anonymous_18)
FN:164,(anonymous_19)
FNF:12
FNH:12
FNDA:5,(anonymous_8)
FNDA:5,(anonymous_9)
FNDA:7,(anonymous_10)
FNDA:7,(anonymous_11)
FNDA:5,(anonymous_12)
FNDA:5,(anonymous_13)
FNDA:5,(anonymous_14)
FNDA:1,(anonymous_15)
FNDA:1,(anonymous_16)
FNDA:2,(anonymous_17)
FNDA:13,(anonymous_18)
FNDA:9,(anonymous_19)
DA:2,3
DA:3,3
DA:4,3
DA:13,5
DA:14,5
DA:15,5
DA:16,5
DA:17,5
DA:18,4
DA:23,2
DA:25,3
DA:29,7
DA:30,7
DA:31,7
DA:32,7
DA:33,1
DA:34,1
DA:37,6
DA:38,6
DA:39,1
DA:40,1
DA:43,5
DA:44,0
DA:45,0
DA:49,5
DA:55,5
DA:61,5
DA:62,5
DA:63,5
DA:65,5
DA:71,0
DA:75,5
DA:76,5
DA:77,5
DA:78,5
DA:79,0
DA:80,0
DA:83,5
DA:84,0
DA:85,0
DA:88,5
DA:89,5
DA:91,5
DA:92,1
DA:93,1
DA:97,5
DA:100,4
DA:106,4
DA:113,4
DA:114,4
DA:116,4
DA:121,0
DA:125,3
DA:126,1
DA:127,1
DA:128,1
DA:129,0
DA:130,0
DA:133,1
DA:134,1
DA:135,0
DA:136,0
DA:139,2
DA:140,1
DA:142,1
DA:144,0
DA:148,3
DA:149,13
DA:150,13
DA:151,13
DA:153,13
DA:154,4
DA:155,4
DA:156,4
DA:159,9
DA:160,0
DA:161,0
DA:164,9
DA:165,9
DA:166,7
DA:167,7
DA:169,2
DA:170,2
DA:174,3
DA:181,3
LF:85
LH:70
BRDA:32,0,0,1
BRDA:38,1,0,1
BRDA:43,2,0,0
BRDA:61,3,0,5
BRDA:61,3,1,0
BRDA:78,4,0,0
BRDA:83,5,0,0
BRDA:91,6,0,1
BRDA:91,7,0,5
BRDA:91,7,1,5
BRDA:91,8,0,0
BRDA:91,8,1,5
BRDA:91,9,0,5
BRDA:91,9,1,5
BRDA:128,10,0,0
BRDA:134,11,0,0
BRDA:139,12,0,1
BRDA:139,12,1,0
BRDA:139,13,0,0
BRDA:139,13,1,1
BRDA:139,14,0,1
BRDA:139,14,1,1
BRDA:151,15,0,13
BRDA:151,15,1,9
BRDA:153,16,0,4
BRDA:159,17,0,0
BRDA:165,18,0,7
BRF:27
BRH:17
end_of_record
TN:
SF:src\controllers\baseController.ts
FN:6,(anonymous_7)
FN:10,(anonymous_8)
FN:25,(anonymous_10)
FN:40,(anonymous_12)
FN:50,(anonymous_14)
FN:66,(anonymous_16)
FNF:6
FNH:5
FNDA:6,(anonymous_7)
FNDA:7,(anonymous_8)
FNDA:5,(anonymous_10)
FNDA:2,(anonymous_12)
FNDA:1,(anonymous_14)
FNDA:0,(anonymous_16)
DA:7,6
DA:11,7
DA:12,7
DA:13,7
DA:14,2
DA:15,2
DA:17,5
DA:18,5
DA:21,0
DA:26,5
DA:28,5
DA:29,5
DA:30,2
DA:31,0
DA:33,2
DA:36,3
DA:41,2
DA:42,2
DA:43,2
DA:44,2
DA:46,0
DA:51,1
DA:52,1
DA:53,1
DA:54,1
DA:55,1
DA:56,0
DA:57,0
DA:59,0
DA:62,1
DA:67,0
DA:68,0
DA:69,0
DA:70,0
DA:72,0
DA:77,3
LF:36
LH:25
BRDA:13,0,0,2
BRDA:13,0,1,5
BRDA:30,1,0,0
BRDA:30,1,1,2
BRDA:56,2,0,0
BRDA:56,2,1,0
BRF:6
BRH:3
end_of_record
TN:
SF:src\controllers\commentController.ts
FNF:0
FNH:0
DA:1,3
DA:2,3
DA:4,3
DA:7,3
LF:4
LH:4
BRF:0
BRH:0
end_of_record
TN:
SF:src\controllers\postController.ts
FN:6,(anonymous_8)
FN:10,(anonymous_9)
FNF:2
FNH:2
FNDA:3,(anonymous_8)
FNDA:2,(anonymous_9)
DA:1,3
DA:3,3
DA:7,3
DA:11,2
DA:12,2
DA:16,2
DA:17,2
DA:21,3
LF:8
LH:8
BRF:0
BRH:0
end_of_record
TN:
SF:src\models\commentModel.ts
FNF:0
FNH:0
DA:1,3
DA:2,3
DA:11,3
DA:26,3
DA:28,3
LF:5
LH:5
BRF:0
BRH:0
end_of_record
TN:
SF:src\models\postModel.ts
FNF:0
FNH:0
DA:1,3
DA:2,3
DA:10,3
DA:25,3
DA:27,3
LF:5
LH:5
BRF:0
BRH:0
end_of_record
TN:
SF:src\models\userModel.ts
FNF:0
FNH:0
DA:1,3
DA:10,3
DA:26,3
DA:28,3
LF:4
LH:4
BRF:0
BRH:0
end_of_record
TN:
SF:src\routes\authRoutes.ts
FNF:0
FNH:0
DA:1,3
DA:2,3
DA:3,3
DA:5,3
DA:6,3
DA:7,3
DA:8,3
DA:10,3
LF:8
LH:8
BRF:0
BRH:0
end_of_record
TN:
SF:src\routes\commentsRoutes.ts
FNF:0
FNH:0
DA:1,3
DA:2,3
DA:3,3
DA:4,3
DA:6,3
DA:7,3
DA:8,3
DA:9,3
DA:10,3
DA:13,3
LF:10
LH:10
BRF:0
BRH:0
end_of_record
TN:
SF:src\routes\postsRoutes.ts
FNF:0
FNH:0
DA:1,3
DA:2,3
DA:3,3
DA:4,3
DA:7,3
DA:8,3
DA:11,3
DA:12,3
DA:13,3
DA:15,3
LF:10
LH:10
BRF:0
BRH:0
end_of_record
